Arguments: 
  C:\Program Files\nodejs\node.exe C:\scoop\apps\yarn\current\Yarn\bin\yarn.js init --y

PATH: 
  C:\Program Files (x86)\Common Files\Oracle\Java\javapath;C:\WINDOWS\system32;C:\WINDOWS;C:\WINDOWS\System32\Wbem;C:\WINDOWS\System32\WindowsPowerShell\v1.0\;C:\WINDOWS\System32\OpenSSH\;C:\Python 3.7;C:\Users\user\AppData\Roaming\Microsoft\Windows\Start Menu\Programs\Python 3.7;C:\Users\user\AppData\Local\Programs\Python\Python37\Lib;C:\Users\user\AppData\Local\Programs\Python\Python37\Lib\site-packages;C:\Users\user\AppData\Local\Programs\Python\Python37\Scripts;C:\Program Files\Git\cmd;C:\ProgramData\Microsoft\Windows\Start Menu\Programs\Git;C:\Program Files\Intel\WiFi\bin\;C:\Program Files\Common Files\Intel\WirelessCommon\;C:\Users\user\AppData\Roaming\nvm;C:\Program Files\nodejs;C:\ProgramData\chocolatey\bin;C:\Program Files (x86)\Vim\vim82;C:\Program Files\nodejs\;D:\From Disk C\Anaconda3;D:\From Disk C\Anaconda3\Scripts;D:\From Disk C\Anaconda3\Library\bin;C:\scoop\apps\yarn\current\Yarn\bin;C:\scoop\apps\yarn\current\global\node_modules\.bin;C:\scoop\shims;C:\Users\user\scoop\shims;C:\Program Files\Intel\WiFi\bin\;C:\Program Files\Common Files\Intel\WirelessCommon\;C:\Users\user\AppData\Local\Microsoft\WindowsApps;C:\Users\user\AppData\Roaming\Microsoft\Windows\Start Menu\Programs\Python 3.7;C:\Program Files\JetBrains\PyCharm Community Edition 2018.3.4\bin;C:\ProgramData\Microsoft\Windows\Start Menu\Programs\Git;C:\Users\user\AppData\Local\Programs\Microsoft VS Code\bin;C:\Users\user\AppData\Local\GitHubDesktop\bin;C:\Users\user\AppData\Roaming\nvm;C:\Program Files\nodejs;C:\Users\user\AppData\Local\Microsoft\WindowsApps;C:\src\flutter\bin;D:\Android\Android Studio\bin;C:\Program Files\heroku\bin;C:\Users\user\AppData\Roaming\npm

Yarn version: 
  1.22.0

Node version: 
  12.16.1

Platform: 
  win32 x64

Trace: 
  Error: canceled
      at Interface.<anonymous> (C:\scoop\apps\yarn\1.22.0\Yarn\lib\cli.js:136987:13)
      at Interface.emit (events.js:311:20)
      at Interface._ttyWrite (readline.js:893:16)
      at ReadStream.onkeypress (readline.js:198:10)
      at ReadStream.emit (events.js:311:20)
      at emitKeys (internal/readline/utils.js:438:14)
      at emitKeys.next (<anonymous>)
      at ReadStream.onData (readline.js:1160:36)
      at ReadStream.emit (events.js:311:20)
      at addChunk (_stream_readable.js:294:12)

npm manifest: 
  No manifest

yarn manifest: 
  No manifest

Lockfile: 
  No lockfile
